  gx_dave2d_simulation_display_driver_16bpp_compressed_glyph_1bit_draw.c
  gx_dave2d_simulation_display_driver_16bpp_glyph_1bit_draw.c
  gx_dave2d_simulation_display_driver_16bpp_pixelmap_draw.c
  gx_dave2d_simulation_display_driver_16bpp_rotated_compressed_glyph_1bit_draw.c
  gx_dave2d_simulation_display_driver_16bpp_rotated_glyph_1bit_draw.c
  gx_dave2d_simulation_display_driver_16bpp_rotated_pixelmap_draw.c
  gx_dave2d_simulation_display_driver_24xrgb_pixelmap_blend.c
  gx_dave2d_simulation_display_driver_24xrgb_pixelmap_draw.c
  gx_dave2d_simulation_display_driver_24xrgb_rotated_pixelmap_blend.c
  gx_dave2d_simulation_display_driver_24xrgb_rotated_pixelmap_draw.c
  gx_dave2d_simulation_display_driver_24xrgb_rotated_setup.c
  gx_dave2d_simulation_display_driver_24xrgb_setup.c
C:\Ting\guix\src\display_driver\win32\renesas_dave2d\gx_dave2d_simulation_display_driver_16bpp_rotated_compressed_glyph_1bit_draw.c(27,10): fatal error C1083: Cannot open include file: 'gx_api.h': No such file or directory
C:\Ting\guix\src\display_driver\win32\renesas_dave2d\gx_dave2d_simulation_display_driver_16bpp_glyph_1bit_draw.c(27,10): fatal error C1083: Cannot open include file: 'gx_api.h': No such file or directory
C:\Ting\guix\src\display_driver\win32\renesas_dave2d\gx_dave2d_simulation_display_driver_16bpp_pixelmap_draw.c(27,10): fatal error C1083: Cannot open include file: 'gx_api.h': No such file or directory
  gx_dave2d_simulation_display_driver_32bpp_compressed_glyph_1bit_draw.c
C:\Ting\guix\src\display_driver\win32\renesas_dave2d\gx_dave2d_simulation_display_driver_16bpp_compressed_glyph_1bit_draw.c(27,10): fatal error C1083: Cannot open include file: 'gx_api.h': No such file or directory
  gx_dave2d_simulation_display_driver_32bpp_glyph_1bit_draw.c
C:\Ting\guix\src\display_driver\win32\renesas_dave2d\gx_dave2d_simulation_display_driver_16bpp_rotated_glyph_1bit_draw.c(27,10): fatal error C1083: Cannot open include file: 'gx_api.h': No such file or directory
C:\Ting\guix\src\display_driver\win32\renesas_dave2d\gx_dave2d_simulation_display_driver_16bpp_rotated_pixelmap_draw.c(27,10): fatal error C1083: Cannot open include file: 'gx_api.h': No such file or directory
  gx_dave2d_simulation_display_driver_32bpp_horizontal_pixelmap_line_draw.c
C:\Ting\guix\src\display_driver\win32\renesas_dave2d\gx_dave2d_simulation_display_driver_24xrgb_pixelmap_blend.c(27,10): fatal error C1083: Cannot open include file: 'gx_api.h': No such file or directory
  gx_dave2d_simulation_display_driver_32bpp_rotated_compressed_glyph_1bit_draw.c
  gx_dave2d_simulation_display_driver_32bpp_rotated_glyph_1bit_draw.c
  gx_dave2d_simulation_display_driver_32bpp_rotated_horizontal_pixelmap_line_draw.c
C:\Ting\guix\src\display_driver\win32\renesas_dave2d\gx_dave2d_simulation_display_driver_24xrgb_rotated_pixelmap_blend.c(26,10): fatal error C1083: Cannot open include file: 'gx_api.h': No such file or directory
C:\Ting\guix\src\display_driver\win32\renesas_dave2d\gx_dave2d_simulation_display_driver_24xrgb_pixelmap_draw.c(26,10): fatal error C1083: Cannot open include file: 'gx_api.h': No such file or directory
  gx_dave2d_simulation_display_driver_565rgb_horizontal_pixelmap_line_draw.c
  gx_dave2d_simulation_display_driver_565rgb_rotated_horizontal_pixelmap_line_draw.c
C:\Ting\guix\src\display_driver\win32\renesas_dave2d\gx_dave2d_simulation_display_driver_24xrgb_rotated_pixelmap_draw.c(26,10): fatal error C1083: Cannot open include file: 'gx_api.h': No such file or directory
C:\Ting\guix\src\display_driver\win32\renesas_dave2d\gx_dave2d_simulation_display_driver_24xrgb_setup.c(24,10): fatal error C1083: Cannot open include file: 'gx_api.h': No such file or directory
  gx_dave2d_simulation_display_driver_565rgb_rotated_setup.c
C:\Ting\guix\src\display_driver\win32\renesas_dave2d\gx_dave2d_simulation_display_driver_24xrgb_rotated_setup.c(24,10): fatal error C1083: Cannot open include file: 'gx_api.h': No such file or directory
  gx_dave2d_simulation_display_driver_565rgb_setup.c
  gx_dave2d_simulation_display_driver_8bit_palette_setup.c
  gx_dave2d_simulation_display_driver_8bpp_glyph_1bit_draw.c
C:\Ting\guix\src\display_driver\win32\renesas_dave2d\gx_dave2d_simulation_display_driver_32bpp_rotated_horizontal_pixelmap_line_draw.c(27,10): fatal error C1083: Cannot open include file: 'gx_api.h': No such file or directory
C:\Ting\guix\src\display_driver\win32\renesas_dave2d\gx_dave2d_simulation_display_driver_32bpp_compressed_glyph_1bit_draw.c(27,10): fatal error C1083: Cannot open include file: 'gx_api.h': No such file or directory
  gx_dave2d_simulation_display_driver_8bpp_glyph_4bit_draw.c
C:\Ting\guix\src\display_driver\win32\renesas_dave2d\gx_dave2d_simulation_display_driver_32bpp_glyph_1bit_draw.c(27,10): fatal error C1083: Cannot open include file: 'gx_api.h': No such file or directory
  gx_dave2d_simulation_display_driver_compressed_glyph_4bit_draw.c
  gx_dave2d_simulation_display_driver_compressed_glyph_8bit_draw.c
C:\Ting\guix\src\display_driver\win32\renesas_dave2d\gx_dave2d_simulation_display_driver_565rgb_horizontal_pixelmap_line_draw.c(27,10): fatal error C1083: Cannot open include file: 'gx_api.h': No such file or directory
  gx_dave2d_simulation_display_driver_glyph_4bit_draw.c
C:\Ting\guix\src\display_driver\win32\renesas_dave2d\gx_dave2d_simulation_display_driver_32bpp_rotated_compressed_glyph_1bit_draw.c(27,10): fatal error C1083: Cannot open include file: 'gx_api.h': No such file or directory
C:\Ting\guix\src\display_driver\win32\renesas_dave2d\gx_dave2d_simulation_display_driver_8bit_palette_setup.c(29,10): fatal error C1083: Cannot open include file: 'gx_api.h': No such file or directory
  gx_dave2d_simulation_display_driver_rotated_compressed_glyph_4bit_draw.c
C:\Ting\guix\src\display_driver\win32\renesas_dave2d\gx_dave2d_simulation_display_driver_32bpp_rotated_glyph_1bit_draw.c(27,10): fatal error C1083: Cannot open include file: 'gx_api.h': No such file or directory
  gx_dave2d_simulation_display_driver_rotated_compressed_glyph_8bit_draw.c
C:\Ting\guix\src\display_driver\win32\renesas_dave2d\gx_dave2d_simulation_display_driver_565rgb_rotated_horizontal_pixelmap_line_draw.c(27,10): fatal error C1083: Cannot open include file: 'gx_api.h': No such file or directory
  gx_dave2d_simulation_display_driver_rotated_glyph_4bit_draw.c
  gx_dave2d_system_font_4bpp.c
C:\Ting\guix\src\display_driver\win32\renesas_dave2d\gx_dave2d_simulation_display_driver_8bpp_glyph_4bit_draw.c(27,10): fatal error C1083: Cannot open include file: 'gx_api.h': No such file or directory
  gx_dave2d_system_font_mono.c
C:\Ting\guix\src\display_driver\win32\renesas_dave2d\gx_dave2d_simulation_display_driver_565rgb_rotated_setup.c(24,10): fatal error C1083: Cannot open include file: 'gx_api.h': No such file or directory
C:\Ting\guix\src\display_driver\win32\renesas_dave2d\gx_dave2d_simulation_display_driver_32bpp_horizontal_pixelmap_line_draw.c(27,10): fatal error C1083: Cannot open include file: 'gx_api.h': No such file or directory
  gx_synergy_system_font_4bpp.c
C:\Ting\guix\src\display_driver\win32\renesas_dave2d\gx_dave2d_simulation_display_driver_compressed_glyph_4bit_draw.c(27,10): fatal error C1083: Cannot open include file: 'gx_api.h': No such file or directory
  gx_synergy_system_font_mono.c
C:\Ting\guix\src\display_driver\win32\renesas_dave2d\gx_dave2d_simulation_display_driver_compressed_glyph_8bit_draw.c(27,10): fatal error C1083: Cannot open include file: 'gx_api.h': No such file or directory
C:\Ting\guix\src\display_driver\win32\renesas_dave2d\gx_dave2d_simulation_display_driver_565rgb_setup.c(24,10): fatal error C1083: Cannot open include file: 'gx_api.h': No such file or directory
  gx_win32_dave2d_display_driver_24xrgb.c
C:\Ting\guix\src\display_driver\win32\renesas_dave2d\gx_dave2d_simulation_display_driver_8bpp_glyph_1bit_draw.c(27,10): fatal error C1083: Cannot open include file: 'gx_api.h': No such file or directory
  gx_win32_dave2d_display_driver_24xrgb_rotated.c
  gx_win32_dave2d_display_driver_565rgb.c
C:\Ting\guix\src\display_driver\win32\renesas_dave2d\gx_dave2d_simulation_display_driver_rotated_compressed_glyph_8bit_draw.c(27,10): fatal error C1083: Cannot open include file: 'gx_api.h': No such file or directory
C:\Ting\guix\src\display_driver\win32\renesas_dave2d\gx_dave2d_simulation_display_driver_glyph_4bit_draw.c(27,10): fatal error C1083: Cannot open include file: 'gx_api.h': No such file or directory
C:\Ting\guix\src\display_driver\win32\renesas_dave2d\gx_dave2d_system_font_4bpp.c(1,10): fatal error C1083: Cannot open include file: 'gx_api.h': No such file or directory
  gx_win32_dave2d_display_driver_565rgb_rotated.c
  gx_win32_dave2d_display_driver_8bit_palette.c
C:\Ting\guix\src\display_driver\win32\renesas_dave2d\gx_dave2d_simulation_display_driver_rotated_compressed_glyph_4bit_draw.c(27,10): fatal error C1083: Cannot open include file: 'gx_api.h': No such file or directory
C:\Ting\guix\src\display_driver\win32\renesas_dave2d\gx_dave2d_system_font_mono.c(2,10): fatal error C1083: Cannot open include file: 'gx_api.h': No such file or directory
C:\Ting\guix\src\display_driver\win32\renesas_dave2d\gx_synergy_system_font_4bpp.c(1,10): fatal error C1083: Cannot open include file: 'gx_api.h': No such file or directory
C:\Ting\guix\src\display_driver\win32\renesas_dave2d\gx_dave2d_simulation_display_driver_rotated_glyph_4bit_draw.c(27,10): fatal error C1083: Cannot open include file: 'gx_api.h': No such file or directory
C:\Ting\guix\src\display_driver\win32\renesas_dave2d\gx_synergy_system_font_mono.c(2,10): fatal error C1083: Cannot open include file: 'gx_api.h': No such file or directory
C:\Ting\guix\src\display_driver\win32\renesas_dave2d\gx_win32_dave2d_display_driver_565rgb_rotated.c(22,10): fatal error C1083: Cannot open include file: 'tx_api.h': No such file or directory
C:\Ting\guix\src\display_driver\win32\renesas_dave2d\gx_win32_dave2d_display_driver_565rgb.c(22,10): fatal error C1083: Cannot open include file: 'tx_api.h': No such file or directory
C:\Ting\guix\src\display_driver\win32\renesas_dave2d\gx_win32_dave2d_display_driver_24xrgb_rotated.c(22,10): fatal error C1083: Cannot open include file: 'tx_api.h': No such file or directory
C:\Ting\guix\src\display_driver\win32\renesas_dave2d\gx_win32_dave2d_display_driver_24xrgb.c(22,10): fatal error C1083: Cannot open include file: 'tx_api.h': No such file or directory
C:\Ting\guix\src\display_driver\win32\renesas_dave2d\gx_win32_dave2d_display_driver_8bit_palette.c(22,10): fatal error C1083: Cannot open include file: 'tx_api.h': No such file or directory
