  synergy_text_rotation_resources.c
C:\Ting\guix\example_internal\synergy_text_rotation\synergy_text_rotation_resources.c(6987,80): error C2061: syntax error: identifier '__attribute__'
C:\Ting\guix\example_internal\synergy_text_rotation\synergy_text_rotation_resources.c(6987,80): error C2059: syntax error: ';'
C:\Ting\guix\example_internal\synergy_text_rotation\synergy_text_rotation_resources.c(6987,103): error C2143: syntax error: missing ')' before 'constant'
C:\Ting\guix\example_internal\synergy_text_rotation\synergy_text_rotation_resources.c(6987,104): error C2059: syntax error: ')'
C:\Ting\guix\example_internal\synergy_text_rotation\synergy_text_rotation_resources.c(6987,105): error C2059: syntax error: ')'
C:\Ting\guix\example_internal\synergy_text_rotation\synergy_text_rotation_resources.c(6987,106): error C2059: syntax error: ')'
C:\Ting\guix\example_internal\synergy_text_rotation\synergy_text_rotation_resources.c(7655,65): error C2065: 'MAIN_DISPLAY_DEFAULT_THEME_BUTTON_pixelmap_data': undeclared identifier
C:\Ting\guix\example_internal\synergy_text_rotation\synergy_text_rotation_resources.c(7656,59): error C2065: 'MAIN_DISPLAY_DEFAULT_THEME_BUTTON_pixelmap_data': undeclared identifier
C:\Ting\guix\example_internal\synergy_text_rotation\synergy_text_rotation_resources.c(7650,1): error C2099: initializer is not a constant
C:\Ting\guix\example_internal\synergy_text_rotation\synergy_text_rotation_resources.c(7650,1): warning C4047: 'initializing': 'const GX_UBYTE *' differs in levels of indirection from 'unsigned int'
C:\Ting\guix\example_internal\synergy_text_rotation\synergy_text_rotation_resources.c(7650,1): warning C4047: 'initializing': 'ULONG' differs in levels of indirection from 'void *'
C:\Ting\guix\example_internal\synergy_text_rotation\synergy_text_rotation_resources.c(7666,87): error C2061: syntax error: identifier '__attribute__'
C:\Ting\guix\example_internal\synergy_text_rotation\synergy_text_rotation_resources.c(7666,87): error C2059: syntax error: ';'
C:\Ting\guix\example_internal\synergy_text_rotation\synergy_text_rotation_resources.c(7666,110): error C2143: syntax error: missing ')' before 'constant'
C:\Ting\guix\example_internal\synergy_text_rotation\synergy_text_rotation_resources.c(7666,111): error C2059: syntax error: ')'
C:\Ting\guix\example_internal\synergy_text_rotation\synergy_text_rotation_resources.c(7666,112): error C2059: syntax error: ')'
C:\Ting\guix\example_internal\synergy_text_rotation\synergy_text_rotation_resources.c(7666,113): error C2059: syntax error: ')'
C:\Ting\guix\example_internal\synergy_text_rotation\synergy_text_rotation_resources.c(8332,72): error C2065: 'MAIN_DISPLAY_DEFAULT_THEME_BUTTON_ACTIVE_pixelmap_data': undeclared identifier
C:\Ting\guix\example_internal\synergy_text_rotation\synergy_text_rotation_resources.c(8333,66): error C2065: 'MAIN_DISPLAY_DEFAULT_THEME_BUTTON_ACTIVE_pixelmap_data': undeclared identifier
C:\Ting\guix\example_internal\synergy_text_rotation\synergy_text_rotation_resources.c(8327,1): error C2099: initializer is not a constant
C:\Ting\guix\example_internal\synergy_text_rotation\synergy_text_rotation_resources.c(8327,1): warning C4047: 'initializing': 'const GX_UBYTE *' differs in levels of indirection from 'unsigned int'
C:\Ting\guix\example_internal\synergy_text_rotation\synergy_text_rotation_resources.c(8327,1): warning C4047: 'initializing': 'ULONG' differs in levels of indirection from 'void *'
C:\Ting\guix\example_internal\synergy_text_rotation\synergy_text_rotation_resources.c(8343,92): error C2061: syntax error: identifier '__attribute__'
C:\Ting\guix\example_internal\synergy_text_rotation\synergy_text_rotation_resources.c(8343,92): error C2059: syntax error: ';'
C:\Ting\guix\example_internal\synergy_text_rotation\synergy_text_rotation_resources.c(8343,115): error C2143: syntax error: missing ')' before 'constant'
C:\Ting\guix\example_internal\synergy_text_rotation\synergy_text_rotation_resources.c(8343,116): error C2059: syntax error: ')'
C:\Ting\guix\example_internal\synergy_text_rotation\synergy_text_rotation_resources.c(8343,117): error C2059: syntax error: ')'
C:\Ting\guix\example_internal\synergy_text_rotation\synergy_text_rotation_resources.c(8343,118): error C2059: syntax error: ')'
C:\Ting\guix\example_internal\synergy_text_rotation\synergy_text_rotation_resources.c(8609,77): error C2065: 'MAIN_DISPLAY_DEFAULT_THEME_EXPRESS_LOGIC_LOGO_pixelmap_data': undeclared identifier
C:\Ting\guix\example_internal\synergy_text_rotation\synergy_text_rotation_resources.c(8610,71): error C2065: 'MAIN_DISPLAY_DEFAULT_THEME_EXPRESS_LOGIC_LOGO_pixelmap_data': undeclared identifier
C:\Ting\guix\example_internal\synergy_text_rotation\synergy_text_rotation_resources.c(8604,1): error C2099: initializer is not a constant
C:\Ting\guix\example_internal\synergy_text_rotation\synergy_text_rotation_resources.c(8604,1): warning C4047: 'initializing': 'const GX_UBYTE *' differs in levels of indirection from 'unsigned int'
C:\Ting\guix\example_internal\synergy_text_rotation\synergy_text_rotation_resources.c(8604,1): warning C4047: 'initializing': 'ULONG' differs in levels of indirection from 'void *'
C:\Ting\guix\example_internal\synergy_text_rotation\synergy_text_rotation_resources.c(8620,83): error C2061: syntax error: identifier '__attribute__'
C:\Ting\guix\example_internal\synergy_text_rotation\synergy_text_rotation_resources.c(8620,83): error C2059: syntax error: ';'
C:\Ting\guix\example_internal\synergy_text_rotation\synergy_text_rotation_resources.c(8620,106): error C2143: syntax error: missing ')' before 'constant'
C:\Ting\guix\example_internal\synergy_text_rotation\synergy_text_rotation_resources.c(8620,107): error C2059: syntax error: ')'
C:\Ting\guix\example_internal\synergy_text_rotation\synergy_text_rotation_resources.c(8620,108): error C2059: syntax error: ')'
C:\Ting\guix\example_internal\synergy_text_rotation\synergy_text_rotation_resources.c(8620,109): error C2059: syntax error: ')'
C:\Ting\guix\example_internal\synergy_text_rotation\synergy_text_rotation_resources.c(8847,68): error C2065: 'MAIN_DISPLAY_DEFAULT_THEME_GUIX_LOGO_pixelmap_data': undeclared identifier
C:\Ting\guix\example_internal\synergy_text_rotation\synergy_text_rotation_resources.c(8848,62): error C2065: 'MAIN_DISPLAY_DEFAULT_THEME_GUIX_LOGO_pixelmap_data': undeclared identifier
C:\Ting\guix\example_internal\synergy_text_rotation\synergy_text_rotation_resources.c(8842,1): error C2099: initializer is not a constant
C:\Ting\guix\example_internal\synergy_text_rotation\synergy_text_rotation_resources.c(8842,1): warning C4047: 'initializing': 'const GX_UBYTE *' differs in levels of indirection from 'unsigned int'
C:\Ting\guix\example_internal\synergy_text_rotation\synergy_text_rotation_resources.c(8842,1): warning C4047: 'initializing': 'ULONG' differs in levels of indirection from 'void *'
C:\Ting\guix\example_internal\synergy_text_rotation\synergy_text_rotation_resources.c(8858,77): error C2061: syntax error: identifier '__attribute__'
C:\Ting\guix\example_internal\synergy_text_rotation\synergy_text_rotation_resources.c(8858,77): error C2059: syntax error: ';'
C:\Ting\guix\example_internal\synergy_text_rotation\synergy_text_rotation_resources.c(8858,100): error C2143: syntax error: missing ')' before 'constant'
C:\Ting\guix\example_internal\synergy_text_rotation\synergy_text_rotation_resources.c(8858,101): error C2059: syntax error: ')'
C:\Ting\guix\example_internal\synergy_text_rotation\synergy_text_rotation_resources.c(8858,102): error C2059: syntax error: ')'
C:\Ting\guix\example_internal\synergy_text_rotation\synergy_text_rotation_resources.c(8858,103): error C2059: syntax error: ')'
C:\Ting\guix\example_internal\synergy_text_rotation\synergy_text_rotation_resources.c(8937,63): error C2065: 'MAIN_DISPLAY_DEFAULT_THEME_HOME_pixelmap_data': undeclared identifier
C:\Ting\guix\example_internal\synergy_text_rotation\synergy_text_rotation_resources.c(8938,57): error C2065: 'MAIN_DISPLAY_DEFAULT_THEME_HOME_pixelmap_data': undeclared identifier
C:\Ting\guix\example_internal\synergy_text_rotation\synergy_text_rotation_resources.c(8932,1): error C2099: initializer is not a constant
C:\Ting\guix\example_internal\synergy_text_rotation\synergy_text_rotation_resources.c(8932,1): warning C4047: 'initializing': 'const GX_UBYTE *' differs in levels of indirection from 'unsigned int'
C:\Ting\guix\example_internal\synergy_text_rotation\synergy_text_rotation_resources.c(8932,1): warning C4047: 'initializing': 'ULONG' differs in levels of indirection from 'void *'
