  demo_synergy_565rgb.c
  synergy_565rgb_resources.c
C:\Ting\guix\example_internal\synergy_565rgb\synergy_565rgb_resources.c(69,72): error C2061: syntax error: identifier '__attribute__'
C:\Ting\guix\example_internal\synergy_565rgb\synergy_565rgb_resources.c(69,72): error C2059: syntax error: ';'
C:\Ting\guix\example_internal\synergy_565rgb\synergy_565rgb_resources.c(69,95): error C2143: syntax error: missing ')' before 'constant'
C:\Ting\guix\example_internal\synergy_565rgb\synergy_565rgb_resources.c(69,96): error C2059: syntax error: ')'
C:\Ting\guix\example_internal\synergy_565rgb\synergy_565rgb_resources.c(69,97): error C2059: syntax error: ')'
C:\Ting\guix\example_internal\synergy_565rgb\synergy_565rgb_resources.c(69,98): error C2059: syntax error: ')'
C:\Ting\guix\example_internal\synergy_565rgb\synergy_565rgb_resources.c(129,58): error C2065: 'DISPLAY_1_THEME_1_RADIO_ON_pixelmap_data': undeclared identifier
C:\Ting\guix\example_internal\synergy_565rgb\synergy_565rgb_resources.c(130,52): error C2065: 'DISPLAY_1_THEME_1_RADIO_ON_pixelmap_data': undeclared identifier
C:\Ting\guix\example_internal\synergy_565rgb\synergy_565rgb_resources.c(124,1): error C2099: initializer is not a constant
C:\Ting\guix\example_internal\synergy_565rgb\synergy_565rgb_resources.c(124,1): warning C4047: 'initializing': 'const GX_UBYTE *' differs in levels of indirection from 'unsigned int'
C:\Ting\guix\example_internal\synergy_565rgb\synergy_565rgb_resources.c(124,1): warning C4047: 'initializing': 'ULONG' differs in levels of indirection from 'void *'
C:\Ting\guix\example_internal\synergy_565rgb\synergy_565rgb_resources.c(140,73): error C2061: syntax error: identifier '__attribute__'
C:\Ting\guix\example_internal\synergy_565rgb\synergy_565rgb_resources.c(140,73): error C2059: syntax error: ';'
C:\Ting\guix\example_internal\synergy_565rgb\synergy_565rgb_resources.c(140,96): error C2143: syntax error: missing ')' before 'constant'
C:\Ting\guix\example_internal\synergy_565rgb\synergy_565rgb_resources.c(140,97): error C2059: syntax error: ')'
C:\Ting\guix\example_internal\synergy_565rgb\synergy_565rgb_resources.c(140,98): error C2059: syntax error: ')'
C:\Ting\guix\example_internal\synergy_565rgb\synergy_565rgb_resources.c(140,99): error C2059: syntax error: ')'
C:\Ting\guix\example_internal\synergy_565rgb\synergy_565rgb_resources.c(200,59): error C2065: 'DISPLAY_1_THEME_1_RADIO_OFF_pixelmap_data': undeclared identifier
C:\Ting\guix\example_internal\synergy_565rgb\synergy_565rgb_resources.c(201,53): error C2065: 'DISPLAY_1_THEME_1_RADIO_OFF_pixelmap_data': undeclared identifier
C:\Ting\guix\example_internal\synergy_565rgb\synergy_565rgb_resources.c(195,1): error C2099: initializer is not a constant
C:\Ting\guix\example_internal\synergy_565rgb\synergy_565rgb_resources.c(195,1): warning C4047: 'initializing': 'const GX_UBYTE *' differs in levels of indirection from 'unsigned int'
C:\Ting\guix\example_internal\synergy_565rgb\synergy_565rgb_resources.c(195,1): warning C4047: 'initializing': 'ULONG' differs in levels of indirection from 'void *'
C:\Ting\guix\example_internal\synergy_565rgb\synergy_565rgb_resources.c(211,75): error C2061: syntax error: identifier '__attribute__'
C:\Ting\guix\example_internal\synergy_565rgb\synergy_565rgb_resources.c(211,75): error C2059: syntax error: ';'
C:\Ting\guix\example_internal\synergy_565rgb\synergy_565rgb_resources.c(211,98): error C2143: syntax error: missing ')' before 'constant'
C:\Ting\guix\example_internal\synergy_565rgb\synergy_565rgb_resources.c(211,99): error C2059: syntax error: ')'
C:\Ting\guix\example_internal\synergy_565rgb\synergy_565rgb_resources.c(211,100): error C2059: syntax error: ')'
C:\Ting\guix\example_internal\synergy_565rgb\synergy_565rgb_resources.c(211,101): error C2059: syntax error: ')'
C:\Ting\guix\example_internal\synergy_565rgb\synergy_565rgb_resources.c(256,61): error C2065: 'DISPLAY_1_THEME_1_CHECKBOX_ON_pixelmap_data': undeclared identifier
C:\Ting\guix\example_internal\synergy_565rgb\synergy_565rgb_resources.c(257,55): error C2065: 'DISPLAY_1_THEME_1_CHECKBOX_ON_pixelmap_data': undeclared identifier
C:\Ting\guix\example_internal\synergy_565rgb\synergy_565rgb_resources.c(251,1): error C2099: initializer is not a constant
C:\Ting\guix\example_internal\synergy_565rgb\synergy_565rgb_resources.c(251,1): warning C4047: 'initializing': 'const GX_UBYTE *' differs in levels of indirection from 'unsigned int'
C:\Ting\guix\example_internal\synergy_565rgb\synergy_565rgb_resources.c(251,1): warning C4047: 'initializing': 'ULONG' differs in levels of indirection from 'void *'
C:\Ting\guix\example_internal\synergy_565rgb\synergy_565rgb_resources.c(267,76): error C2061: syntax error: identifier '__attribute__'
C:\Ting\guix\example_internal\synergy_565rgb\synergy_565rgb_resources.c(267,76): error C2059: syntax error: ';'
C:\Ting\guix\example_internal\synergy_565rgb\synergy_565rgb_resources.c(267,99): error C2143: syntax error: missing ')' before 'constant'
C:\Ting\guix\example_internal\synergy_565rgb\synergy_565rgb_resources.c(267,100): error C2059: syntax error: ')'
C:\Ting\guix\example_internal\synergy_565rgb\synergy_565rgb_resources.c(267,101): error C2059: syntax error: ')'
C:\Ting\guix\example_internal\synergy_565rgb\synergy_565rgb_resources.c(267,102): error C2059: syntax error: ')'
C:\Ting\guix\example_internal\synergy_565rgb\synergy_565rgb_resources.c(307,62): error C2065: 'DISPLAY_1_THEME_1_CHECKBOX_OFF_pixelmap_data': undeclared identifier
C:\Ting\guix\example_internal\synergy_565rgb\synergy_565rgb_resources.c(308,56): error C2065: 'DISPLAY_1_THEME_1_CHECKBOX_OFF_pixelmap_data': undeclared identifier
C:\Ting\guix\example_internal\synergy_565rgb\synergy_565rgb_resources.c(302,1): error C2099: initializer is not a constant
C:\Ting\guix\example_internal\synergy_565rgb\synergy_565rgb_resources.c(302,1): warning C4047: 'initializing': 'const GX_UBYTE *' differs in levels of indirection from 'unsigned int'
C:\Ting\guix\example_internal\synergy_565rgb\synergy_565rgb_resources.c(302,1): warning C4047: 'initializing': 'ULONG' differs in levels of indirection from 'void *'
C:\Ting\guix\example_internal\synergy_565rgb\synergy_565rgb_resources.c(318,70): error C2061: syntax error: identifier '__attribute__'
C:\Ting\guix\example_internal\synergy_565rgb\synergy_565rgb_resources.c(318,70): error C2059: syntax error: ';'
C:\Ting\guix\example_internal\synergy_565rgb\synergy_565rgb_resources.c(318,93): error C2143: syntax error: missing ')' before 'constant'
C:\Ting\guix\example_internal\synergy_565rgb\synergy_565rgb_resources.c(318,94): error C2059: syntax error: ')'
C:\Ting\guix\example_internal\synergy_565rgb\synergy_565rgb_resources.c(318,95): error C2059: syntax error: ')'
C:\Ting\guix\example_internal\synergy_565rgb\synergy_565rgb_resources.c(318,96): error C2059: syntax error: ')'
C:\Ting\guix\example_internal\synergy_565rgb\synergy_565rgb_resources.c(4642,54): error C2065: 'DISPLAY_1_THEME_1_FISH_pixelmap_data': undeclared identifier
C:\Ting\guix\example_internal\synergy_565rgb\synergy_565rgb_resources.c(4643,48): error C2065: 'DISPLAY_1_THEME_1_FISH_pixelmap_data': undeclared identifier
C:\Ting\guix\example_internal\synergy_565rgb\synergy_565rgb_resources.c(4637,1): error C2099: initializer is not a constant
C:\Ting\guix\example_internal\synergy_565rgb\synergy_565rgb_resources.c(4637,1): warning C4047: 'initializing': 'const GX_UBYTE *' differs in levels of indirection from 'unsigned int'
C:\Ting\guix\example_internal\synergy_565rgb\synergy_565rgb_resources.c(4637,1): warning C4047: 'initializing': 'ULONG' differs in levels of indirection from 'void *'
C:\Ting\guix\example_internal\synergy_565rgb\synergy_565rgb_resources.c(4653,75): error C2061: syntax error: identifier '__attribute__'
C:\Ting\guix\example_internal\synergy_565rgb\synergy_565rgb_resources.c(4653,75): error C2059: syntax error: ';'
C:\Ting\guix\example_internal\synergy_565rgb\synergy_565rgb_resources.c(4653,98): error C2143: syntax error: missing ')' before 'constant'
C:\Ting\guix\example_internal\synergy_565rgb\synergy_565rgb_resources.c(4653,99): error C2059: syntax error: ')'
C:\Ting\guix\example_internal\synergy_565rgb\synergy_565rgb_resources.c(4653,100): error C2059: syntax error: ')'
C:\Ting\guix\example_internal\synergy_565rgb\synergy_565rgb_resources.c(4653,101): error C2059: syntax error: ')'
C:\Ting\guix\example_internal\synergy_565rgb\synergy_565rgb_resources.c(6766,59): error C2065: 'DISPLAY_1_THEME_1_RED_APPLE_pixelmap_data': undeclared identifier
C:\Ting\guix\example_internal\synergy_565rgb\synergy_565rgb_resources.c(6767,53): error C2065: 'DISPLAY_1_THEME_1_RED_APPLE_pixelmap_data': undeclared identifier
C:\Ting\guix\example_internal\synergy_565rgb\synergy_565rgb_resources.c(6761,1): error C2099: initializer is not a constant
C:\Ting\guix\example_internal\synergy_565rgb\synergy_565rgb_resources.c(6761,1): warning C4047: 'initializing': 'const GX_UBYTE *' differs in levels of indirection from 'unsigned int'
C:\Ting\guix\example_internal\synergy_565rgb\synergy_565rgb_resources.c(6761,1): warning C4047: 'initializing': 'ULONG' differs in levels of indirection from 'void *'
  synergy_565rgb_specifications.c
  Generating Code...
