c:\ting\guix\example_internal\partial_frame_buffer_16bpp\build\vs_2019\debug\vc142.pdb
c:\ting\guix\example_internal\partial_frame_buffer_16bpp\build\vs_2019\debug\vc142.idb
c:\ting\guix\example_internal\partial_frame_buffer_16bpp\build\vs_2019\debug\sprite_screen.obj
c:\ting\guix\example_internal\partial_frame_buffer_16bpp\build\vs_2019\debug\shapes_screen.obj
c:\ting\guix\example_internal\partial_frame_buffer_16bpp\build\vs_2019\debug\scroll_wheel_screen.obj
c:\ting\guix\example_internal\partial_frame_buffer_16bpp\build\vs_2019\debug\rotate_screen.obj
c:\ting\guix\example_internal\partial_frame_buffer_16bpp\build\vs_2019\debug\resize_screen.obj
c:\ting\guix\example_internal\partial_frame_buffer_16bpp\build\vs_2019\debug\partial_frame_buffer_16bpp_specifications.obj
c:\ting\guix\example_internal\partial_frame_buffer_16bpp\build\vs_2019\debug\partial_frame_buffer_16bpp_resources.obj
c:\ting\guix\example_internal\partial_frame_buffer_16bpp\build\vs_2019\debug\line_screen.obj
c:\ting\guix\example_internal\partial_frame_buffer_16bpp\build\vs_2019\debug\gauge_screen.obj
c:\ting\guix\example_internal\partial_frame_buffer_16bpp\build\vs_2019\debug\demo_guix_partial_frame_buffer_16bpp.obj
c:\ting\guix\example_internal\partial_frame_buffer_16bpp\build\vs_2019\debug\partial_frame_buffer_16bpp.ilk
c:\ting\guix\example_internal\partial_frame_buffer_16bpp\build\vs_2019\debug\partial_frame_buffer_16bpp.exe
c:\ting\guix\example_internal\partial_frame_buffer_16bpp\build\vs_2019\debug\partial_frame_buffer_16bpp.pdb
c:\ting\guix\example_internal\partial_frame_buffer_16bpp\build\vs_2019\debug\partial_.10b36c4c.tlog\cl.command.1.tlog
c:\ting\guix\example_internal\partial_frame_buffer_16bpp\build\vs_2019\debug\partial_.10b36c4c.tlog\cl.read.1.tlog
c:\ting\guix\example_internal\partial_frame_buffer_16bpp\build\vs_2019\debug\partial_.10b36c4c.tlog\cl.write.1.tlog
c:\ting\guix\example_internal\partial_frame_buffer_16bpp\build\vs_2019\debug\partial_.10b36c4c.tlog\link.command.1.tlog
c:\ting\guix\example_internal\partial_frame_buffer_16bpp\build\vs_2019\debug\partial_.10b36c4c.tlog\link.read.1.tlog
c:\ting\guix\example_internal\partial_frame_buffer_16bpp\build\vs_2019\debug\partial_.10b36c4c.tlog\link.write.1.tlog
